0 info it worked if it ends with ok
1 verbose cli [ 'C:\\Program Files\\nodejs\\node.exe',
1 verbose cli   'C:\\Program Files\\nodejs\\node_modules\\npm\\bin\\npm-cli.js',
1 verbose cli   'publish' ]
2 info using npm@3.9.5
3 info using node@v6.2.2
4 verbose publish [ '.' ]
5 silly cache add args [ '.', null ]
6 verbose cache add spec .
7 silly cache add parsed spec Result {
7 silly cache add   raw: '.',
7 silly cache add   scope: null,
7 silly cache add   name: null,
7 silly cache add   rawSpec: '.',
7 silly cache add   spec: 'C:\\Users\\dominik\\Documents\\GitHub\\ReactTabGroup',
7 silly cache add   type: 'directory' }
8 verbose addLocalDirectory C:\Users\dominik\AppData\Roaming\npm-cache\React-Tabs\0.1.3\package.tgz not in flight; packing
9 verbose correctMkdir C:\Users\dominik\AppData\Roaming\npm-cache correctMkdir not in flight; initializing
10 info lifecycle React-Tabs@0.1.3~prepublish: React-Tabs@0.1.3
11 verbose lifecycle React-Tabs@0.1.3~prepublish: unsafe-perm in lifecycle true
12 verbose lifecycle React-Tabs@0.1.3~prepublish: PATH: C:\Program Files\nodejs\node_modules\npm\bin\node-gyp-bin;C:\Users\dominik\Documents\GitHub\ReactTabGroup\node_modules\.bin;C:\Program Files\nodejs;C:\ProgramData\Oracle\Java\javapath;C:\Windows\system32;C:\Windows;C:\Windows\System32\Wbem;C:\Windows\System32\WindowsPowerShell\v1.0\;C:\Program Files (x86)\NVIDIA Corporation\PhysX\Common;C:\WINDOWS\system32;C:\WINDOWS;C:\WINDOWS\System32\Wbem;C:\WINDOWS\System32\WindowsPowerShell\v1.0\;C:\Program Files\nodejs\;C:\Users\dominik\.dnx\bin;C:\Program Files\Microsoft DNX\Dnvm\;C:\Program Files\Microsoft SQL Server\130\Tools\Binn\;C:\Program Files (x86)\Windows Kits\10\Windows Performance Toolkit\;C:\Users\dominik\AppData\Roaming\npm;C:\Users\dominik\AppData\Local\Microsoft\WindowsApps
13 verbose lifecycle React-Tabs@0.1.3~prepublish: CWD: C:\Users\dominik\Documents\GitHub\ReactTabGroup
14 silly lifecycle React-Tabs@0.1.3~prepublish: Args: [ '/d /s /c', 'npm run pre:babel && npm run pre:less' ]
15 silly lifecycle React-Tabs@0.1.3~prepublish: Returned: code: 0  signal: null
16 verbose tar pack [ 'C:\\Users\\dominik\\AppData\\Roaming\\npm-cache\\React-Tabs\\0.1.3\\package.tgz',
16 verbose tar pack   'C:\\Users\\dominik\\Documents\\GitHub\\ReactTabGroup' ]
17 verbose tarball C:\Users\dominik\AppData\Roaming\npm-cache\React-Tabs\0.1.3\package.tgz
18 verbose folder C:\Users\dominik\Documents\GitHub\ReactTabGroup
19 verbose addLocalTarball adding from inside cache C:\Users\dominik\AppData\Roaming\npm-cache\React-Tabs\0.1.3\package.tgz
20 verbose correctMkdir C:\Users\dominik\AppData\Roaming\npm-cache correctMkdir not in flight; initializing
21 silly cache afterAdd React-Tabs@0.1.3
22 verbose afterAdd C:\Users\dominik\AppData\Roaming\npm-cache\React-Tabs\0.1.3\package\package.json not in flight; writing
23 verbose correctMkdir C:\Users\dominik\AppData\Roaming\npm-cache correctMkdir not in flight; initializing
24 verbose afterAdd C:\Users\dominik\AppData\Roaming\npm-cache\React-Tabs\0.1.3\package\package.json written
25 silly publish { name: 'React-Tabs',
25 silly publish   version: '0.1.3',
25 silly publish   description: 'Customizable react tabs',
25 silly publish   main: 'index.js',
25 silly publish   scripts:
25 silly publish    { test: 'echo "Error: no test specified" && exit 1',
25 silly publish      dev: 'webpack -dw --progress --display-error-details',
25 silly publish      devserver: 'webpack-dev-server --hot --inline --progress --display-error-details',
25 silly publish      'pre:babel': 'babel ./src --out-dir ./lib --source-maps --presets es2015,react',
25 silly publish      'pre:less': 'cpx "./src/*.less" ./lib',
25 silly publish      prepublish: 'npm run pre:babel && npm run pre:less' },
25 silly publish   author: { name: 'Dominik Krieg' },
25 silly publish   license: 'MIT',
25 silly publish   keywords: [ 'react', 'tabs', 'react-component' ],
25 silly publish   repository:
25 silly publish    { type: 'git',
25 silly publish      url: 'git+ssh://git@github.com/theforce1989/ReactTabGroup.git' },
25 silly publish   devDependencies:
25 silly publish    { babel: '6.5.2',
25 silly publish      'babel-cli': '6.18.0',
25 silly publish      'babel-core': '6.18.2',
25 silly publish      'babel-loader': '6.2.7',
25 silly publish      'babel-preset-es2015': '6.18.0',
25 silly publish      'babel-preset-react': '6.16.0',
25 silly publish      cpx: '^1.5.0',
25 silly publish      'css-loader': '0.25.0',
25 silly publish      eslint: '3.9.1',
25 silly publish      'eslint-loader': '1.6.1',
25 silly publish      'eslint-plugin-lodash': '2.1.7',
25 silly publish      'eslint-plugin-react': '6.5.0',
25 silly publish      jquery: '3.1.1',
25 silly publish      less: '2.7.1',
25 silly publish      'less-loader': '2.2.3',
25 silly publish      'react-dom': '15.3.2',
25 silly publish      'react-hot-loader': '3.0.0-beta.6',
25 silly publish      'style-loader': '0.13.1',
25 silly publish      webpack: '1.13.3',
25 silly publish      'webpack-dev-server': '1.14.1' },
25 silly publish   dependencies: { react: '15.3.2' },
25 silly publish   readme: 'React Tabs\r\n=========================\r\n\r\n## Installation\r\n\r\nReact Tabs requires **React 15.3 or later.**\r\n\r\n```\r\nnpm i --save react-tabs\r\n```\r\n\r\nThis assumes that you’re using [npm](http://npmjs.com/) package manager with a module bundler like [Webpack](http://webpack.github.io) or [Browserify](http://browserify.org/) to consume [CommonJS modules](http://webpack.github.io/docs/commonjs.html).\r\n\r\n\r\n## License\r\n\r\nMIT\r\n',
25 silly publish   readmeFilename: 'README.md',
25 silly publish   gitHead: '7c7bf313fc0e64a619ee88f025c97a60c710d8c2',
25 silly publish   bugs: { url: 'https://github.com/theforce1989/ReactTabGroup/issues' },
25 silly publish   homepage: 'https://github.com/theforce1989/ReactTabGroup#readme',
25 silly publish   _id: 'React-Tabs@0.1.3',
25 silly publish   _shasum: 'e870e10f5a72f01b3ac0f2d96027fcd4f9b78d45',
25 silly publish   _from: '.' }
26 verbose getPublishConfig undefined
27 silly mapToRegistry name React-Tabs
28 silly mapToRegistry using default registry
29 silly mapToRegistry registry https://registry.npmjs.org/
30 silly mapToRegistry data Result {
30 silly mapToRegistry   raw: 'React-Tabs',
30 silly mapToRegistry   scope: null,
30 silly mapToRegistry   name: 'React-Tabs',
30 silly mapToRegistry   rawSpec: '',
30 silly mapToRegistry   spec: 'latest',
30 silly mapToRegistry   type: 'tag' }
31 silly mapToRegistry uri https://registry.npmjs.org/React-Tabs
32 verbose publish registryBase https://registry.npmjs.org/
33 silly publish uploading C:\Users\dominik\AppData\Roaming\npm-cache\React-Tabs\0.1.3\package.tgz
34 verbose request uri https://registry.npmjs.org/React-Tabs
35 verbose request sending authorization for write operation
36 info attempt registry request try #1 at 22:21:31
37 verbose request using bearer token for auth
38 verbose request id c5283456fd31ff6f
39 http request PUT https://registry.npmjs.org/React-Tabs
40 http 403 https://registry.npmjs.org/React-Tabs
41 verbose headers { 'content-type': 'application/json',
41 verbose headers   'cache-control': 'max-age=300',
41 verbose headers   'content-length': '95',
41 verbose headers   'accept-ranges': 'bytes',
41 verbose headers   date: 'Sat, 05 Nov 2016 21:21:33 GMT',
41 verbose headers   via: '1.1 varnish',
41 verbose headers   connection: 'keep-alive',
41 verbose headers   'x-served-by': 'cache-fra1227-FRA',
41 verbose headers   'x-cache': 'MISS',
41 verbose headers   'x-cache-hits': '0',
41 verbose headers   'x-timer': 'S1478380892.288898,VS0,VE919',
41 verbose headers   vary: 'Accept-Encoding' }
42 verbose request invalidating C:\Users\dominik\AppData\Roaming\npm-cache\registry.npmjs.org\React-Tabs on PUT
43 error publish Failed PUT 403
44 verbose stack Error: "You cannot publish over the previously published version 0.1.3." : React-Tabs
44 verbose stack     at makeError (C:\Program Files\nodejs\node_modules\npm\node_modules\npm-registry-client\lib\request.js:264:12)
44 verbose stack     at CachingRegistryClient.<anonymous> (C:\Program Files\nodejs\node_modules\npm\node_modules\npm-registry-client\lib\request.js:252:14)
44 verbose stack     at Request._callback (C:\Program Files\nodejs\node_modules\npm\node_modules\npm-registry-client\lib\request.js:172:14)
44 verbose stack     at Request.self.callback (C:\Program Files\nodejs\node_modules\npm\node_modules\request\request.js:200:22)
44 verbose stack     at emitTwo (events.js:106:13)
44 verbose stack     at Request.emit (events.js:191:7)
44 verbose stack     at Request.<anonymous> (C:\Program Files\nodejs\node_modules\npm\node_modules\request\request.js:1067:10)
44 verbose stack     at emitOne (events.js:101:20)
44 verbose stack     at Request.emit (events.js:188:7)
44 verbose stack     at IncomingMessage.<anonymous> (C:\Program Files\nodejs\node_modules\npm\node_modules\request\request.js:988:12)
45 verbose statusCode 403
46 verbose pkgid React-Tabs
47 verbose cwd C:\Users\dominik\Documents\GitHub\ReactTabGroup
48 error Windows_NT 10.0.14393
49 error argv "C:\\Program Files\\nodejs\\node.exe" "C:\\Program Files\\nodejs\\node_modules\\npm\\bin\\npm-cli.js" "publish"
50 error node v6.2.2
51 error npm  v3.9.5
52 error code E403
53 error "You cannot publish over the previously published version 0.1.3." : React-Tabs
54 error If you need help, you may report this error at:
54 error     <https://github.com/npm/npm/issues>
55 verbose exit [ 1, true ]
